{"/Users/lazuli/Desktop/Sarah's stuff/Coding/webdev-class-exercises/express-cookie-website/newest/express-control-flow-ejs-practice-website/app.js": {"path":"/Users/lazuli/Desktop/Sarah's stuff/Coding/webdev-class-exercises/express-cookie-website/newest/express-control-flow-ejs-practice-website/app.js","statementMap":{"0":{"start":{"line":18,"column":19},"end":{"line":18,"column":28}},"1":{"start":{"line":20,"column":0},"end":{"line":25,"column":3}},"2":{"start":{"line":27,"column":0},"end":{"line":29,"column":2}},"3":{"start":{"line":28,"column":2},"end":{"line":28,"column":81}},"4":{"start":{"line":60,"column":0},"end":{"line":65,"column":39}},"5":{"start":{"line":65,"column":18},"end":{"line":65,"column":38}},"6":{"start":{"line":67,"column":0},"end":{"line":67,"column":29}},"7":{"start":{"line":72,"column":21},"end":{"line":78,"column":2}},"8":{"start":{"line":80,"column":15},"end":{"line":80,"column":53}},"9":{"start":{"line":82,"column":23},"end":{"line":87,"column":2}},"10":{"start":{"line":89,"column":17},"end":{"line":89,"column":59}},"11":{"start":{"line":91,"column":28},"end":{"line":91,"column":31}},"12":{"start":{"line":95,"column":18},"end":{"line":97,"column":1}},"13":{"start":{"line":103,"column":0},"end":{"line":103,"column":26}},"14":{"start":{"line":107,"column":0},"end":{"line":107,"column":26}},"15":{"start":{"line":109,"column":0},"end":{"line":109,"column":48}},"16":{"start":{"line":110,"column":0},"end":{"line":110,"column":30}},"17":{"start":{"line":111,"column":0},"end":{"line":111,"column":27}},"18":{"start":{"line":113,"column":0},"end":{"line":113,"column":35}},"19":{"start":{"line":115,"column":0},"end":{"line":115,"column":44}},"20":{"start":{"line":116,"column":0},"end":{"line":116,"column":48}},"21":{"start":{"line":118,"column":0},"end":{"line":118,"column":22}},"22":{"start":{"line":120,"column":0},"end":{"line":120,"column":15}},"23":{"start":{"line":122,"column":0},"end":{"line":128,"column":3}},"24":{"start":{"line":131,"column":0},"end":{"line":131,"column":15}},"25":{"start":{"line":136,"column":0},"end":{"line":136,"column":44}},"26":{"start":{"line":139,"column":0},"end":{"line":139,"column":47}},"27":{"start":{"line":141,"column":0},"end":{"line":141,"column":23}},"28":{"start":{"line":145,"column":0},"end":{"line":145,"column":34}},"29":{"start":{"line":147,"column":0},"end":{"line":147,"column":34}},"30":{"start":{"line":152,"column":21},"end":{"line":161,"column":1}},"31":{"start":{"line":153,"column":24},"end":{"line":153,"column":52}},"32":{"start":{"line":155,"column":2},"end":{"line":155,"column":50}},"33":{"start":{"line":157,"column":2},"end":{"line":159,"column":3}},"34":{"start":{"line":158,"column":4},"end":{"line":158,"column":37}},"35":{"start":{"line":160,"column":2},"end":{"line":160,"column":13}},"36":{"start":{"line":167,"column":0},"end":{"line":169,"column":2}},"37":{"start":{"line":168,"column":2},"end":{"line":168,"column":26}},"38":{"start":{"line":172,"column":0},"end":{"line":174,"column":2}},"39":{"start":{"line":173,"column":2},"end":{"line":173,"column":262}},"40":{"start":{"line":176,"column":0},"end":{"line":178,"column":2}},"41":{"start":{"line":177,"column":2},"end":{"line":177,"column":40}},"42":{"start":{"line":180,"column":0},"end":{"line":185,"column":2}},"43":{"start":{"line":181,"column":2},"end":{"line":184,"column":3}},"44":{"start":{"line":182,"column":2},"end":{"line":182,"column":32}},"45":{"start":{"line":182,"column":13},"end":{"line":182,"column":30}},"46":{"start":{"line":183,"column":2},"end":{"line":183,"column":25}},"47":{"start":{"line":211,"column":0},"end":{"line":214,"column":2}},"48":{"start":{"line":212,"column":16},"end":{"line":212,"column":35}},"49":{"start":{"line":213,"column":2},"end":{"line":213,"column":22}},"50":{"start":{"line":216,"column":0},"end":{"line":225,"column":2}},"51":{"start":{"line":217,"column":33},"end":{"line":217,"column":35}},"52":{"start":{"line":219,"column":2},"end":{"line":223,"column":2}},"53":{"start":{"line":224,"column":2},"end":{"line":224,"column":62}},"54":{"start":{"line":227,"column":0},"end":{"line":240,"column":2}},"55":{"start":{"line":228,"column":2},"end":{"line":239,"column":3}},"56":{"start":{"line":229,"column":17},"end":{"line":229,"column":47}},"57":{"start":{"line":231,"column":4},"end":{"line":233,"column":6}},"58":{"start":{"line":235,"column":4},"end":{"line":235,"column":24}},"59":{"start":{"line":236,"column":4},"end":{"line":238,"column":6}},"60":{"start":{"line":242,"column":0},"end":{"line":257,"column":2}},"61":{"start":{"line":243,"column":2},"end":{"line":256,"column":3}},"62":{"start":{"line":244,"column":20},"end":{"line":244,"column":48}},"63":{"start":{"line":246,"column":4},"end":{"line":249,"column":6}},"64":{"start":{"line":251,"column":4},"end":{"line":251,"column":24}},"65":{"start":{"line":252,"column":4},"end":{"line":255,"column":6}},"66":{"start":{"line":259,"column":0},"end":{"line":261,"column":2}},"67":{"start":{"line":260,"column":2},"end":{"line":260,"column":32}},"68":{"start":{"line":263,"column":0},"end":{"line":265,"column":2}},"69":{"start":{"line":264,"column":2},"end":{"line":264,"column":29}},"70":{"start":{"line":267,"column":0},"end":{"line":282,"column":2}},"71":{"start":{"line":268,"column":2},"end":{"line":281,"column":3}},"72":{"start":{"line":269,"column":15},"end":{"line":269,"column":34}},"73":{"start":{"line":270,"column":17},"end":{"line":270,"column":60}},"74":{"start":{"line":271,"column":2},"end":{"line":271,"column":49}},"75":{"start":{"line":271,"column":14},"end":{"line":271,"column":49}},"76":{"start":{"line":273,"column":2},"end":{"line":276,"column":4}},"77":{"start":{"line":279,"column":4},"end":{"line":279,"column":24}},"78":{"start":{"line":280,"column":4},"end":{"line":280,"column":79}},"79":{"start":{"line":285,"column":0},"end":{"line":287,"column":2}},"80":{"start":{"line":286,"column":2},"end":{"line":286,"column":70}},"81":{"start":{"line":289,"column":0},"end":{"line":292,"column":2}},"82":{"start":{"line":291,"column":2},"end":{"line":291,"column":28}},"83":{"start":{"line":299,"column":0},"end":{"line":302,"column":2}},"84":{"start":{"line":300,"column":2},"end":{"line":300,"column":27}},"85":{"start":{"line":301,"column":2},"end":{"line":301,"column":33}},"86":{"start":{"line":304,"column":0},"end":{"line":330,"column":2}},"87":{"start":{"line":305,"column":2},"end":{"line":305,"column":33}},"88":{"start":{"line":306,"column":2},"end":{"line":329,"column":3}},"89":{"start":{"line":307,"column":4},"end":{"line":326,"column":5}},"90":{"start":{"line":308,"column":6},"end":{"line":311,"column":8}},"91":{"start":{"line":313,"column":17},"end":{"line":313,"column":35}},"92":{"start":{"line":315,"column":6},"end":{"line":315,"column":39}},"93":{"start":{"line":317,"column":6},"end":{"line":325,"column":8}},"94":{"start":{"line":328,"column":4},"end":{"line":328,"column":34}},"95":{"start":{"line":332,"column":0},"end":{"line":335,"column":2}},"96":{"start":{"line":333,"column":2},"end":{"line":333,"column":56}},"97":{"start":{"line":334,"column":2},"end":{"line":334,"column":72}},"98":{"start":{"line":337,"column":0},"end":{"line":352,"column":2}},"99":{"start":{"line":338,"column":2},"end":{"line":338,"column":43}},"100":{"start":{"line":339,"column":2},"end":{"line":351,"column":3}},"101":{"start":{"line":340,"column":19},"end":{"line":344,"column":6}},"102":{"start":{"line":345,"column":4},"end":{"line":345,"column":23}},"103":{"start":{"line":347,"column":4},"end":{"line":347,"column":35}},"104":{"start":{"line":349,"column":4},"end":{"line":349,"column":24}},"105":{"start":{"line":350,"column":4},"end":{"line":350,"column":60}},"106":{"start":{"line":354,"column":0},"end":{"line":368,"column":2}},"107":{"start":{"line":355,"column":2},"end":{"line":367,"column":3}},"108":{"start":{"line":356,"column":21},"end":{"line":360,"column":6}},"109":{"start":{"line":361,"column":4},"end":{"line":361,"column":25}},"110":{"start":{"line":363,"column":4},"end":{"line":363,"column":38}},"111":{"start":{"line":365,"column":4},"end":{"line":365,"column":24}},"112":{"start":{"line":366,"column":4},"end":{"line":366,"column":63}},"113":{"start":{"line":370,"column":0},"end":{"line":375,"column":2}},"114":{"start":{"line":371,"column":2},"end":{"line":371,"column":55}},"115":{"start":{"line":372,"column":2},"end":{"line":374,"column":84}},"116":{"start":{"line":377,"column":0},"end":{"line":383,"column":2}},"117":{"start":{"line":378,"column":2},"end":{"line":379,"column":77}},"118":{"start":{"line":380,"column":2},"end":{"line":382,"column":72}},"119":{"start":{"line":388,"column":0},"end":{"line":390,"column":2}},"120":{"start":{"line":389,"column":2},"end":{"line":389,"column":24}},"121":{"start":{"line":392,"column":0},"end":{"line":413,"column":2}},"122":{"start":{"line":393,"column":19},"end":{"line":393,"column":38}},"123":{"start":{"line":395,"column":2},"end":{"line":395,"column":23}},"124":{"start":{"line":397,"column":2},"end":{"line":408,"column":4}},"125":{"start":{"line":399,"column":4},"end":{"line":399,"column":24}},"126":{"start":{"line":401,"column":4},"end":{"line":401,"column":29}},"127":{"start":{"line":403,"column":4},"end":{"line":407,"column":5}},"128":{"start":{"line":404,"column":6},"end":{"line":404,"column":28}},"129":{"start":{"line":410,"column":2},"end":{"line":412,"column":55}}},"fnMap":{"0":{"name":"(anonymous_0)","decl":{"start":{"line":27,"column":29},"end":{"line":27,"column":30}},"loc":{"start":{"line":27,"column":41},"end":{"line":29,"column":1}},"line":27},"1":{"name":"(anonymous_1)","decl":{"start":{"line":65,"column":9},"end":{"line":65,"column":10}},"loc":{"start":{"line":65,"column":18},"end":{"line":65,"column":38}},"line":65},"2":{"name":"(anonymous_2)","decl":{"start":{"line":152,"column":21},"end":{"line":152,"column":22}},"loc":{"start":{"line":152,"column":32},"end":{"line":161,"column":1}},"line":152},"3":{"name":"(anonymous_3)","decl":{"start":{"line":167,"column":18},"end":{"line":167,"column":19}},"loc":{"start":{"line":167,"column":47},"end":{"line":169,"column":1}},"line":167},"4":{"name":"(anonymous_4)","decl":{"start":{"line":172,"column":59},"end":{"line":172,"column":60}},"loc":{"start":{"line":172,"column":82},"end":{"line":174,"column":1}},"line":172},"5":{"name":"(anonymous_5)","decl":{"start":{"line":176,"column":56},"end":{"line":176,"column":57}},"loc":{"start":{"line":176,"column":79},"end":{"line":178,"column":1}},"line":176},"6":{"name":"(anonymous_6)","decl":{"start":{"line":180,"column":19},"end":{"line":180,"column":20}},"loc":{"start":{"line":180,"column":46},"end":{"line":185,"column":1}},"line":180},"7":{"name":"(anonymous_7)","decl":{"start":{"line":181,"column":17},"end":{"line":181,"column":18}},"loc":{"start":{"line":181,"column":31},"end":{"line":184,"column":1}},"line":181},"8":{"name":"(anonymous_8)","decl":{"start":{"line":211,"column":21},"end":{"line":211,"column":22}},"loc":{"start":{"line":211,"column":50},"end":{"line":214,"column":1}},"line":211},"9":{"name":"(anonymous_9)","decl":{"start":{"line":216,"column":13},"end":{"line":216,"column":14}},"loc":{"start":{"line":216,"column":36},"end":{"line":225,"column":1}},"line":216},"10":{"name":"(anonymous_10)","decl":{"start":{"line":227,"column":17},"end":{"line":227,"column":18}},"loc":{"start":{"line":227,"column":46},"end":{"line":240,"column":1}},"line":227},"11":{"name":"(anonymous_11)","decl":{"start":{"line":242,"column":20},"end":{"line":242,"column":21}},"loc":{"start":{"line":242,"column":48},"end":{"line":257,"column":1}},"line":242},"12":{"name":"(anonymous_12)","decl":{"start":{"line":259,"column":24},"end":{"line":259,"column":25}},"loc":{"start":{"line":259,"column":47},"end":{"line":261,"column":1}},"line":259},"13":{"name":"(anonymous_13)","decl":{"start":{"line":263,"column":21},"end":{"line":263,"column":22}},"loc":{"start":{"line":263,"column":44},"end":{"line":265,"column":1}},"line":263},"14":{"name":"(anonymous_14)","decl":{"start":{"line":267,"column":26},"end":{"line":267,"column":27}},"loc":{"start":{"line":267,"column":55},"end":{"line":282,"column":1}},"line":267},"15":{"name":"(anonymous_15)","decl":{"start":{"line":285,"column":18},"end":{"line":285,"column":19}},"loc":{"start":{"line":285,"column":41},"end":{"line":287,"column":1}},"line":285},"16":{"name":"(anonymous_16)","decl":{"start":{"line":289,"column":20},"end":{"line":289,"column":21}},"loc":{"start":{"line":289,"column":43},"end":{"line":292,"column":1}},"line":289},"17":{"name":"(anonymous_17)","decl":{"start":{"line":299,"column":77},"end":{"line":299,"column":78}},"loc":{"start":{"line":299,"column":104},"end":{"line":302,"column":1}},"line":299},"18":{"name":"(anonymous_18)","decl":{"start":{"line":304,"column":20},"end":{"line":304,"column":21}},"loc":{"start":{"line":304,"column":47},"end":{"line":330,"column":1}},"line":304},"19":{"name":"(anonymous_19)","decl":{"start":{"line":332,"column":21},"end":{"line":332,"column":22}},"loc":{"start":{"line":332,"column":44},"end":{"line":335,"column":1}},"line":332},"20":{"name":"(anonymous_20)","decl":{"start":{"line":337,"column":21},"end":{"line":337,"column":22}},"loc":{"start":{"line":337,"column":50},"end":{"line":352,"column":1}},"line":337},"21":{"name":"(anonymous_21)","decl":{"start":{"line":354,"column":18},"end":{"line":354,"column":19}},"loc":{"start":{"line":354,"column":47},"end":{"line":368,"column":1}},"line":354},"22":{"name":"(anonymous_22)","decl":{"start":{"line":370,"column":25},"end":{"line":370,"column":26}},"loc":{"start":{"line":370,"column":48},"end":{"line":375,"column":1}},"line":370},"23":{"name":"(anonymous_23)","decl":{"start":{"line":377,"column":22},"end":{"line":377,"column":23}},"loc":{"start":{"line":377,"column":51},"end":{"line":383,"column":1}},"line":377},"24":{"name":"(anonymous_24)","decl":{"start":{"line":388,"column":27},"end":{"line":388,"column":28}},"loc":{"start":{"line":388,"column":50},"end":{"line":390,"column":1}},"line":388},"25":{"name":"(anonymous_25)","decl":{"start":{"line":392,"column":33},"end":{"line":392,"column":34}},"loc":{"start":{"line":392,"column":56},"end":{"line":413,"column":1}},"line":392},"26":{"name":"(anonymous_26)","decl":{"start":{"line":397,"column":18},"end":{"line":397,"column":19}},"loc":{"start":{"line":398,"column":2},"end":{"line":408,"column":3}},"line":398}},"branchMap":{"0":{"loc":{"start":{"line":157,"column":2},"end":{"line":159,"column":3}},"type":"if","locations":[{"start":{"line":157,"column":2},"end":{"line":159,"column":3}},{"start":{},"end":{}}],"line":157},"1":{"loc":{"start":{"line":157,"column":6},"end":{"line":157,"column":72}},"type":"binary-expr","locations":[{"start":{"line":157,"column":6},"end":{"line":157,"column":19}},{"start":{"line":157,"column":23},"end":{"line":157,"column":72}}],"line":157},"2":{"loc":{"start":{"line":182,"column":2},"end":{"line":182,"column":32}},"type":"if","locations":[{"start":{"line":182,"column":2},"end":{"line":182,"column":32}},{"start":{},"end":{}}],"line":182},"3":{"loc":{"start":{"line":271,"column":2},"end":{"line":271,"column":49}},"type":"if","locations":[{"start":{"line":271,"column":2},"end":{"line":271,"column":49}},{"start":{},"end":{}}],"line":271},"4":{"loc":{"start":{"line":307,"column":4},"end":{"line":326,"column":5}},"type":"if","locations":[{"start":{"line":307,"column":4},"end":{"line":326,"column":5}},{"start":{"line":312,"column":11},"end":{"line":326,"column":5}}],"line":307},"5":{"loc":{"start":{"line":403,"column":4},"end":{"line":407,"column":5}},"type":"if","locations":[{"start":{"line":403,"column":4},"end":{"line":407,"column":5}},{"start":{},"end":{}}],"line":403}},"s":{"0":1,"1":1,"2":1,"3":0,"4":1,"5":0,"6":1,"7":1,"8":1,"9":1,"10":1,"11":1,"12":1,"13":1,"14":1,"15":1,"16":1,"17":1,"18":1,"19":1,"20":1,"21":1,"22":1,"23":1,"24":1,"25":1,"26":1,"27":1,"28":1,"29":1,"30":1,"31":0,"32":0,"33":0,"34":0,"35":0,"36":1,"37":0,"38":1,"39":0,"40":1,"41":0,"42":1,"43":0,"44":0,"45":0,"46":0,"47":1,"48":0,"49":0,"50":1,"51":0,"52":0,"53":0,"54":1,"55":0,"56":0,"57":0,"58":0,"59":0,"60":1,"61":0,"62":0,"63":0,"64":0,"65":0,"66":1,"67":0,"68":1,"69":0,"70":1,"71":0,"72":0,"73":0,"74":0,"75":0,"76":0,"77":0,"78":0,"79":1,"80":0,"81":1,"82":0,"83":1,"84":0,"85":0,"86":1,"87":0,"88":0,"89":0,"90":0,"91":0,"92":0,"93":0,"94":0,"95":1,"96":0,"97":0,"98":1,"99":0,"100":0,"101":0,"102":0,"103":0,"104":0,"105":0,"106":1,"107":0,"108":0,"109":0,"110":0,"111":0,"112":0,"113":1,"114":0,"115":0,"116":1,"117":0,"118":0,"119":1,"120":0,"121":1,"122":0,"123":0,"124":0,"125":0,"126":0,"127":0,"128":0,"129":0},"f":{"0":0,"1":0,"2":0,"3":0,"4":0,"5":0,"6":0,"7":0,"8":0,"9":0,"10":0,"11":0,"12":0,"13":0,"14":0,"15":0,"16":0,"17":0,"18":0,"19":0,"20":0,"21":0,"22":0,"23":0,"24":0,"25":0,"26":0},"b":{"0":[0,0],"1":[0,0],"2":[0,0],"3":[0,0],"4":[0,0],"5":[0,0]},"_coverageSchema":"1a1c01bbd47fc00a2c39e90264f33305004495a9","hash":"d6ee276273c64455cc480eecb2ebca007ecf28c9"}
,"/Users/lazuli/Desktop/Sarah's stuff/Coding/webdev-class-exercises/express-cookie-website/newest/express-control-flow-ejs-practice-website/user.js": {"path":"/Users/lazuli/Desktop/Sarah's stuff/Coding/webdev-class-exercises/express-cookie-website/newest/express-control-flow-ejs-practice-website/user.js","statementMap":{"0":{"start":{"line":9,"column":15},"end":{"line":9,"column":30}},"1":{"start":{"line":11,"column":13},"end":{"line":14,"column":2}},"2":{"start":{"line":16,"column":0},"end":{"line":16,"column":34}}},"fnMap":{},"branchMap":{},"s":{"0":1,"1":1,"2":1},"f":{},"b":{},"_coverageSchema":"1a1c01bbd47fc00a2c39e90264f33305004495a9","hash":"5c74f115e0d1bc509c297d595e5cb8574e9f3e29"}
,"/Users/lazuli/Desktop/Sarah's stuff/Coding/webdev-class-exercises/express-cookie-website/newest/express-control-flow-ejs-practice-website/controllers/file.controller.js": {"path":"/Users/lazuli/Desktop/Sarah's stuff/Coding/webdev-class-exercises/express-cookie-website/newest/express-control-flow-ejs-practice-website/controllers/file.controller.js","statementMap":{"0":{"start":{"line":6,"column":23},"end":{"line":6,"column":76}},"1":{"start":{"line":8,"column":15},"end":{"line":8,"column":66}},"2":{"start":{"line":11,"column":15},"end":{"line":81,"column":1}},"3":{"start":{"line":13,"column":4},"end":{"line":80,"column":5}},"4":{"start":{"line":14,"column":8},"end":{"line":14,"column":54}},"5":{"start":{"line":16,"column":8},"end":{"line":16,"column":33}},"6":{"start":{"line":19,"column":8},"end":{"line":21,"column":9}},"7":{"start":{"line":20,"column":12},"end":{"line":20,"column":89}},"8":{"start":{"line":25,"column":37},"end":{"line":25,"column":49}},"9":{"start":{"line":26,"column":22},"end":{"line":26,"column":45}},"10":{"start":{"line":27,"column":8},"end":{"line":27,"column":26}},"11":{"start":{"line":28,"column":32},"end":{"line":28,"column":97}},"12":{"start":{"line":28,"column":53},"end":{"line":28,"column":96}},"13":{"start":{"line":29,"column":8},"end":{"line":31,"column":10}},"14":{"start":{"line":30,"column":12},"end":{"line":30,"column":31}},"15":{"start":{"line":35,"column":21},"end":{"line":35,"column":75}},"16":{"start":{"line":36,"column":27},"end":{"line":38,"column":10}},"17":{"start":{"line":41,"column":8},"end":{"line":43,"column":10}},"18":{"start":{"line":42,"column":12},"end":{"line":42,"column":63}},"19":{"start":{"line":46,"column":8},"end":{"line":67,"column":10}},"20":{"start":{"line":47,"column":30},"end":{"line":49,"column":13}},"21":{"start":{"line":52,"column":12},"end":{"line":60,"column":13}},"22":{"start":{"line":53,"column":16},"end":{"line":53,"column":89}},"23":{"start":{"line":55,"column":16},"end":{"line":59,"column":18}},"24":{"start":{"line":63,"column":12},"end":{"line":66,"column":14}},"25":{"start":{"line":69,"column":8},"end":{"line":69,"column":43}},"26":{"start":{"line":71,"column":8},"end":{"line":75,"column":9}},"27":{"start":{"line":72,"column":12},"end":{"line":74,"column":14}},"28":{"start":{"line":77,"column":8},"end":{"line":79,"column":10}},"29":{"start":{"line":83,"column":21},"end":{"line":85,"column":1}},"30":{"start":{"line":87,"column":17},"end":{"line":89,"column":1}}},"fnMap":{"0":{"name":"(anonymous_0)","decl":{"start":{"line":11,"column":15},"end":{"line":11,"column":16}},"loc":{"start":{"line":11,"column":44},"end":{"line":81,"column":1}},"line":11},"1":{"name":"(anonymous_1)","decl":{"start":{"line":28,"column":48},"end":{"line":28,"column":49}},"loc":{"start":{"line":28,"column":53},"end":{"line":28,"column":96}},"line":28},"2":{"name":"(anonymous_2)","decl":{"start":{"line":29,"column":32},"end":{"line":29,"column":33}},"loc":{"start":{"line":29,"column":46},"end":{"line":31,"column":9}},"line":29},"3":{"name":"(anonymous_3)","decl":{"start":{"line":41,"column":31},"end":{"line":41,"column":32}},"loc":{"start":{"line":41,"column":40},"end":{"line":43,"column":9}},"line":41},"4":{"name":"(anonymous_4)","decl":{"start":{"line":46,"column":32},"end":{"line":46,"column":33}},"loc":{"start":{"line":46,"column":48},"end":{"line":67,"column":9}},"line":46},"5":{"name":"(anonymous_5)","decl":{"start":{"line":83,"column":21},"end":{"line":83,"column":22}},"loc":{"start":{"line":83,"column":50},"end":{"line":85,"column":1}},"line":83},"6":{"name":"(anonymous_6)","decl":{"start":{"line":87,"column":17},"end":{"line":87,"column":18}},"loc":{"start":{"line":87,"column":46},"end":{"line":89,"column":1}},"line":87}},"branchMap":{"0":{"loc":{"start":{"line":19,"column":8},"end":{"line":21,"column":9}},"type":"if","locations":[{"start":{"line":19,"column":8},"end":{"line":21,"column":9}},{"start":{},"end":{}}],"line":19},"1":{"loc":{"start":{"line":71,"column":8},"end":{"line":75,"column":9}},"type":"if","locations":[{"start":{"line":71,"column":8},"end":{"line":75,"column":9}},{"start":{},"end":{}}],"line":71}},"s":{"0":1,"1":1,"2":1,"3":0,"4":0,"5":0,"6":0,"7":0,"8":0,"9":0,"10":0,"11":0,"12":0,"13":0,"14":0,"15":0,"16":0,"17":0,"18":0,"19":0,"20":0,"21":0,"22":0,"23":0,"24":0,"25":0,"26":0,"27":0,"28":0,"29":1,"30":1},"f":{"0":0,"1":0,"2":0,"3":0,"4":0,"5":0,"6":0},"b":{"0":[0,0],"1":[0,0]},"_coverageSchema":"1a1c01bbd47fc00a2c39e90264f33305004495a9","hash":"89e9dffb785021e88e7eb976b8b76cd4e3aa11c5"}
,"/Users/lazuli/Desktop/Sarah's stuff/Coding/webdev-class-exercises/express-cookie-website/newest/express-control-flow-ejs-practice-website/controllers/login.js": {"path":"/Users/lazuli/Desktop/Sarah's stuff/Coding/webdev-class-exercises/express-cookie-website/newest/express-control-flow-ejs-practice-website/controllers/login.js","statementMap":{"0":{"start":{"line":7,"column":20},"end":{"line":7,"column":36}},"1":{"start":{"line":14,"column":0},"end":{"line":43,"column":2}},"2":{"start":{"line":15,"column":2},"end":{"line":15,"column":27}},"3":{"start":{"line":16,"column":33},"end":{"line":16,"column":45}},"4":{"start":{"line":18,"column":15},"end":{"line":18,"column":47}},"5":{"start":{"line":19,"column":26},"end":{"line":21,"column":55}},"6":{"start":{"line":23,"column":2},"end":{"line":27,"column":3}},"7":{"start":{"line":24,"column":4},"end":{"line":26,"column":6}},"8":{"start":{"line":29,"column":23},"end":{"line":32,"column":3}},"9":{"start":{"line":34,"column":16},"end":{"line":34,"column":58}},"10":{"start":{"line":36,"column":2},"end":{"line":38,"column":147}}},"fnMap":{"0":{"name":"(anonymous_0)","decl":{"start":{"line":14,"column":22},"end":{"line":14,"column":23}},"loc":{"start":{"line":14,"column":51},"end":{"line":43,"column":1}},"line":14}},"branchMap":{"0":{"loc":{"start":{"line":19,"column":26},"end":{"line":21,"column":55}},"type":"cond-expr","locations":[{"start":{"line":20,"column":6},"end":{"line":20,"column":11}},{"start":{"line":21,"column":6},"end":{"line":21,"column":55}}],"line":19},"1":{"loc":{"start":{"line":23,"column":2},"end":{"line":27,"column":3}},"type":"if","locations":[{"start":{"line":23,"column":2},"end":{"line":27,"column":3}},{"start":{},"end":{}}],"line":23},"2":{"loc":{"start":{"line":23,"column":8},"end":{"line":23,"column":31}},"type":"binary-expr","locations":[{"start":{"line":23,"column":8},"end":{"line":23,"column":12}},{"start":{"line":23,"column":16},"end":{"line":23,"column":31}}],"line":23}},"s":{"0":1,"1":1,"2":0,"3":0,"4":0,"5":0,"6":0,"7":0,"8":0,"9":0,"10":0},"f":{"0":0},"b":{"0":[0,0],"1":[0,0],"2":[0,0]},"_coverageSchema":"1a1c01bbd47fc00a2c39e90264f33305004495a9","hash":"29c5be684dedc0c76d0609fe23a6a8df9e838273"}
,"/Users/lazuli/Desktop/Sarah's stuff/Coding/webdev-class-exercises/express-cookie-website/newest/express-control-flow-ejs-practice-website/controllers/users.js": {"path":"/Users/lazuli/Desktop/Sarah's stuff/Coding/webdev-class-exercises/express-cookie-website/newest/express-control-flow-ejs-practice-website/controllers/users.js","statementMap":{"0":{"start":{"line":7,"column":27},"end":{"line":7,"column":43}},"1":{"start":{"line":10,"column":0},"end":{"line":45,"column":2}},"2":{"start":{"line":13,"column":41},"end":{"line":13,"column":53}},"3":{"start":{"line":16,"column":4},"end":{"line":16,"column":33}},"4":{"start":{"line":18,"column":4},"end":{"line":18,"column":58}},"5":{"start":{"line":21,"column":25},"end":{"line":21,"column":57}},"6":{"start":{"line":22,"column":4},"end":{"line":26,"column":5}},"7":{"start":{"line":23,"column":8},"end":{"line":25,"column":10}},"8":{"start":{"line":29,"column":23},"end":{"line":29,"column":25}},"9":{"start":{"line":30,"column":25},"end":{"line":30,"column":64}},"10":{"start":{"line":33,"column":17},"end":{"line":37,"column":6}},"11":{"start":{"line":40,"column":22},"end":{"line":40,"column":39}},"12":{"start":{"line":42,"column":4},"end":{"line":43,"column":70}}},"fnMap":{"0":{"name":"(anonymous_0)","decl":{"start":{"line":10,"column":22},"end":{"line":10,"column":23}},"loc":{"start":{"line":10,"column":51},"end":{"line":45,"column":1}},"line":10}},"branchMap":{"0":{"loc":{"start":{"line":22,"column":4},"end":{"line":26,"column":5}},"type":"if","locations":[{"start":{"line":22,"column":4},"end":{"line":26,"column":5}},{"start":{},"end":{}}],"line":22}},"s":{"0":1,"1":1,"2":0,"3":0,"4":0,"5":0,"6":0,"7":0,"8":0,"9":0,"10":0,"11":0,"12":0},"f":{"0":0},"b":{"0":[0,0]},"_coverageSchema":"1a1c01bbd47fc00a2c39e90264f33305004495a9","hash":"56b24cd2a84105e22fff56b87db7d1ee4b85865e"}
,"/Users/lazuli/Desktop/Sarah's stuff/Coding/webdev-class-exercises/express-cookie-website/newest/express-control-flow-ejs-practice-website/helpers/audio-file-finder.js": {"path":"/Users/lazuli/Desktop/Sarah's stuff/Coding/webdev-class-exercises/express-cookie-website/newest/express-control-flow-ejs-practice-website/helpers/audio-file-finder.js","statementMap":{"0":{"start":{"line":3,"column":15},"end":{"line":3,"column":66}},"1":{"start":{"line":6,"column":17},"end":{"line":10,"column":1}},"2":{"start":{"line":8,"column":4},"end":{"line":8,"column":35}},"3":{"start":{"line":9,"column":4},"end":{"line":9,"column":16}},"4":{"start":{"line":13,"column":13},"end":{"line":26,"column":1}},"5":{"start":{"line":15,"column":18},"end":{"line":15,"column":34}},"6":{"start":{"line":17,"column":33},"end":{"line":17,"column":45}},"7":{"start":{"line":21,"column":23},"end":{"line":21,"column":91}},"8":{"start":{"line":21,"column":44},"end":{"line":21,"column":87}},"9":{"start":{"line":25,"column":4},"end":{"line":25,"column":21}},"10":{"start":{"line":28,"column":26},"end":{"line":28,"column":32}},"11":{"start":{"line":32,"column":0},"end":{"line":34,"column":2}},"12":{"start":{"line":33,"column":4},"end":{"line":33,"column":32}}},"fnMap":{"0":{"name":"(anonymous_0)","decl":{"start":{"line":6,"column":17},"end":{"line":6,"column":18}},"loc":{"start":{"line":6,"column":29},"end":{"line":10,"column":1}},"line":6},"1":{"name":"(anonymous_1)","decl":{"start":{"line":13,"column":13},"end":{"line":13,"column":14}},"loc":{"start":{"line":13,"column":25},"end":{"line":26,"column":1}},"line":13},"2":{"name":"(anonymous_2)","decl":{"start":{"line":21,"column":39},"end":{"line":21,"column":40}},"loc":{"start":{"line":21,"column":44},"end":{"line":21,"column":87}},"line":21},"3":{"name":"(anonymous_3)","decl":{"start":{"line":32,"column":23},"end":{"line":32,"column":24}},"loc":{"start":{"line":32,"column":44},"end":{"line":34,"column":1}},"line":32}},"branchMap":{},"s":{"0":1,"1":1,"2":1,"3":0,"4":1,"5":1,"6":0,"7":0,"8":0,"9":0,"10":1,"11":1,"12":0},"f":{"0":1,"1":1,"2":0,"3":0},"b":{},"_coverageSchema":"1a1c01bbd47fc00a2c39e90264f33305004495a9","hash":"c0f496e93f1b176350d237cf87dd8a1374213474"}
,"/Users/lazuli/Desktop/Sarah's stuff/Coding/webdev-class-exercises/express-cookie-website/newest/express-control-flow-ejs-practice-website/helpers/cookie-views.js": {"path":"/Users/lazuli/Desktop/Sarah's stuff/Coding/webdev-class-exercises/express-cookie-website/newest/express-control-flow-ejs-practice-website/helpers/cookie-views.js","statementMap":{"0":{"start":{"line":1,"column":29},"end":{"line":3,"column":1}},"1":{"start":{"line":2,"column":4},"end":{"line":2,"column":38}}},"fnMap":{"0":{"name":"(anonymous_0)","decl":{"start":{"line":1,"column":29},"end":{"line":1,"column":30}},"loc":{"start":{"line":1,"column":47},"end":{"line":3,"column":1}},"line":1}},"branchMap":{},"s":{"0":1,"1":0},"f":{"0":0},"b":{},"_coverageSchema":"1a1c01bbd47fc00a2c39e90264f33305004495a9","hash":"10f1c0bb00a8c603c0e1928499ce2ed8088ece97"}
,"/Users/lazuli/Desktop/Sarah's stuff/Coding/webdev-class-exercises/express-cookie-website/newest/express-control-flow-ejs-practice-website/middlewares/logger.js": {"path":"/Users/lazuli/Desktop/Sarah's stuff/Coding/webdev-class-exercises/express-cookie-website/newest/express-control-flow-ejs-practice-website/middlewares/logger.js","statementMap":{"0":{"start":{"line":1,"column":22},"end":{"line":9,"column":1}},"1":{"start":{"line":2,"column":2},"end":{"line":6,"column":3}},"2":{"start":{"line":7,"column":2},"end":{"line":7,"column":8}}},"fnMap":{"0":{"name":"(anonymous_0)","decl":{"start":{"line":1,"column":22},"end":{"line":1,"column":23}},"loc":{"start":{"line":1,"column":51},"end":{"line":9,"column":1}},"line":1}},"branchMap":{},"s":{"0":1,"1":0,"2":0},"f":{"0":0},"b":{},"_coverageSchema":"1a1c01bbd47fc00a2c39e90264f33305004495a9","hash":"b7b8f76c6784fe353219084a4d7060bd9610b549"}
,"/Users/lazuli/Desktop/Sarah's stuff/Coding/webdev-class-exercises/express-cookie-website/newest/express-control-flow-ejs-practice-website/middlewares/upload.js": {"path":"/Users/lazuli/Desktop/Sarah's stuff/Coding/webdev-class-exercises/express-cookie-website/newest/express-control-flow-ejs-practice-website/middlewares/upload.js","statementMap":{"0":{"start":{"line":3,"column":16},"end":{"line":3,"column":31}},"1":{"start":{"line":5,"column":18},"end":{"line":8,"column":26}},"2":{"start":{"line":11,"column":35},"end":{"line":11,"column":62}}},"fnMap":{},"branchMap":{},"s":{"0":1,"1":1,"2":1},"f":{},"b":{},"_coverageSchema":"1a1c01bbd47fc00a2c39e90264f33305004495a9","hash":"855f52df5d8e3ba5865941d226b0b1e7e0b92447"}
,"/Users/lazuli/Desktop/Sarah's stuff/Coding/webdev-class-exercises/express-cookie-website/newest/express-control-flow-ejs-practice-website/models/user.js": {"path":"/Users/lazuli/Desktop/Sarah's stuff/Coding/webdev-class-exercises/express-cookie-website/newest/express-control-flow-ejs-practice-website/models/user.js","statementMap":{"0":{"start":{"line":4,"column":19},"end":{"line":14,"column":2}},"1":{"start":{"line":17,"column":0},"end":{"line":24,"column":2}},"2":{"start":{"line":19,"column":8},"end":{"line":19,"column":57}},"3":{"start":{"line":20,"column":8},"end":{"line":20,"column":33}},"4":{"start":{"line":21,"column":8},"end":{"line":21,"column":33}},"5":{"start":{"line":22,"column":8},"end":{"line":22,"column":42}},"6":{"start":{"line":27,"column":20},"end":{"line":27,"column":54}}},"fnMap":{"0":{"name":"(anonymous_0)","decl":{"start":{"line":18,"column":15},"end":{"line":18,"column":16}},"loc":{"start":{"line":18,"column":45},"end":{"line":23,"column":5}},"line":18}},"branchMap":{},"s":{"0":1,"1":1,"2":0,"3":0,"4":0,"5":0,"6":1},"f":{"0":0},"b":{},"_coverageSchema":"1a1c01bbd47fc00a2c39e90264f33305004495a9","hash":"c7bfdb82a048b6ea0be794c538d20ebc3ca7b46c"}
,"/Users/lazuli/Desktop/Sarah's stuff/Coding/webdev-class-exercises/express-cookie-website/newest/express-control-flow-ejs-practice-website/routes/index.js": {"path":"/Users/lazuli/Desktop/Sarah's stuff/Coding/webdev-class-exercises/express-cookie-website/newest/express-control-flow-ejs-practice-website/routes/index.js","statementMap":{"0":{"start":{"line":2,"column":15},"end":{"line":2,"column":31}},"1":{"start":{"line":6,"column":24},"end":{"line":10,"column":1}},"2":{"start":{"line":7,"column":4},"end":{"line":7,"column":35}},"3":{"start":{"line":9,"column":4},"end":{"line":9,"column":19}}},"fnMap":{"0":{"name":"(anonymous_0)","decl":{"start":{"line":6,"column":24},"end":{"line":6,"column":25}},"loc":{"start":{"line":6,"column":33},"end":{"line":10,"column":1}},"line":6}},"branchMap":{},"s":{"0":1,"1":1,"2":1,"3":1},"f":{"0":1},"b":{},"_coverageSchema":"1a1c01bbd47fc00a2c39e90264f33305004495a9","hash":"f2746df90e10b58a0cc4b19b52eea9b6e55c6f88"}
}
