TN:
SF:app.js
FN:27,(anonymous_0)
FN:65,(anonymous_1)
FN:152,(anonymous_2)
FN:167,(anonymous_3)
FN:172,(anonymous_4)
FN:176,(anonymous_5)
FN:180,(anonymous_6)
FN:181,(anonymous_7)
FN:211,(anonymous_8)
FN:216,(anonymous_9)
FN:227,(anonymous_10)
FN:242,(anonymous_11)
FN:259,(anonymous_12)
FN:263,(anonymous_13)
FN:267,(anonymous_14)
FN:285,(anonymous_15)
FN:289,(anonymous_16)
FN:299,(anonymous_17)
FN:304,(anonymous_18)
FN:332,(anonymous_19)
FN:337,(anonymous_20)
FN:354,(anonymous_21)
FN:370,(anonymous_22)
FN:377,(anonymous_23)
FN:388,(anonymous_24)
FN:392,(anonymous_25)
FN:397,(anonymous_26)
FNF:27
FNH:0
FNDA:0,(anonymous_0)
FNDA:0,(anonymous_1)
FNDA:0,(anonymous_2)
FNDA:0,(anonymous_3)
FNDA:0,(anonymous_4)
FNDA:0,(anonymous_5)
FNDA:0,(anonymous_6)
FNDA:0,(anonymous_7)
FNDA:0,(anonymous_8)
FNDA:0,(anonymous_9)
FNDA:0,(anonymous_10)
FNDA:0,(anonymous_11)
FNDA:0,(anonymous_12)
FNDA:0,(anonymous_13)
FNDA:0,(anonymous_14)
FNDA:0,(anonymous_15)
FNDA:0,(anonymous_16)
FNDA:0,(anonymous_17)
FNDA:0,(anonymous_18)
FNDA:0,(anonymous_19)
FNDA:0,(anonymous_20)
FNDA:0,(anonymous_21)
FNDA:0,(anonymous_22)
FNDA:0,(anonymous_23)
FNDA:0,(anonymous_24)
FNDA:0,(anonymous_25)
FNDA:0,(anonymous_26)
DA:18,1
DA:20,1
DA:27,1
DA:28,0
DA:60,1
DA:65,0
DA:67,1
DA:72,1
DA:80,1
DA:82,1
DA:89,1
DA:91,1
DA:95,1
DA:103,1
DA:107,1
DA:109,1
DA:110,1
DA:111,1
DA:113,1
DA:115,1
DA:116,1
DA:118,1
DA:120,1
DA:122,1
DA:131,1
DA:136,1
DA:139,1
DA:141,1
DA:145,1
DA:147,1
DA:152,1
DA:153,0
DA:155,0
DA:157,0
DA:158,0
DA:160,0
DA:167,1
DA:168,0
DA:172,1
DA:173,0
DA:176,1
DA:177,0
DA:180,1
DA:181,0
DA:182,0
DA:183,0
DA:211,1
DA:212,0
DA:213,0
DA:216,1
DA:217,0
DA:219,0
DA:224,0
DA:227,1
DA:228,0
DA:229,0
DA:231,0
DA:235,0
DA:236,0
DA:242,1
DA:243,0
DA:244,0
DA:246,0
DA:251,0
DA:252,0
DA:259,1
DA:260,0
DA:263,1
DA:264,0
DA:267,1
DA:268,0
DA:269,0
DA:270,0
DA:271,0
DA:273,0
DA:279,0
DA:280,0
DA:285,1
DA:286,0
DA:289,1
DA:291,0
DA:299,1
DA:300,0
DA:301,0
DA:304,1
DA:305,0
DA:306,0
DA:307,0
DA:308,0
DA:313,0
DA:315,0
DA:317,0
DA:328,0
DA:332,1
DA:333,0
DA:334,0
DA:337,1
DA:338,0
DA:339,0
DA:340,0
DA:345,0
DA:347,0
DA:349,0
DA:350,0
DA:354,1
DA:355,0
DA:356,0
DA:361,0
DA:363,0
DA:365,0
DA:366,0
DA:370,1
DA:371,0
DA:372,0
DA:377,1
DA:378,0
DA:380,0
DA:388,1
DA:389,0
DA:392,1
DA:393,0
DA:395,0
DA:397,0
DA:399,0
DA:401,0
DA:403,0
DA:404,0
DA:410,0
LF:128
LH:51
BRDA:157,0,0,0
BRDA:157,0,1,0
BRDA:157,1,0,0
BRDA:157,1,1,0
BRDA:182,2,0,0
BRDA:182,2,1,0
BRDA:271,3,0,0
BRDA:271,3,1,0
BRDA:307,4,0,0
BRDA:307,4,1,0
BRDA:403,5,0,0
BRDA:403,5,1,0
BRF:12
BRH:0
end_of_record
TN:
SF:user.js
FNF:0
FNH:0
DA:9,1
DA:11,1
DA:16,1
LF:3
LH:3
BRF:0
BRH:0
end_of_record
TN:
SF:controllers/file.controller.js
FN:11,(anonymous_0)
FN:28,(anonymous_1)
FN:29,(anonymous_2)
FN:41,(anonymous_3)
FN:46,(anonymous_4)
FN:83,(anonymous_5)
FN:87,(anonymous_6)
FNF:7
FNH:0
FNDA:0,(anonymous_0)
FNDA:0,(anonymous_1)
FNDA:0,(anonymous_2)
FNDA:0,(anonymous_3)
FNDA:0,(anonymous_4)
FNDA:0,(anonymous_5)
FNDA:0,(anonymous_6)
DA:6,1
DA:8,1
DA:11,1
DA:13,0
DA:14,0
DA:16,0
DA:19,0
DA:20,0
DA:25,0
DA:26,0
DA:27,0
DA:28,0
DA:29,0
DA:30,0
DA:35,0
DA:36,0
DA:41,0
DA:42,0
DA:46,0
DA:47,0
DA:52,0
DA:53,0
DA:55,0
DA:63,0
DA:69,0
DA:71,0
DA:72,0
DA:77,0
DA:83,1
DA:87,1
LF:30
LH:5
BRDA:19,0,0,0
BRDA:19,0,1,0
BRDA:71,1,0,0
BRDA:71,1,1,0
BRF:4
BRH:0
end_of_record
TN:
SF:controllers/login.js
FN:14,(anonymous_0)
FNF:1
FNH:0
FNDA:0,(anonymous_0)
DA:7,1
DA:14,1
DA:15,0
DA:16,0
DA:18,0
DA:19,0
DA:23,0
DA:24,0
DA:29,0
DA:34,0
DA:36,0
LF:11
LH:2
BRDA:19,0,0,0
BRDA:19,0,1,0
BRDA:23,1,0,0
BRDA:23,1,1,0
BRDA:23,2,0,0
BRDA:23,2,1,0
BRF:6
BRH:0
end_of_record
TN:
SF:controllers/users.js
FN:10,(anonymous_0)
FNF:1
FNH:0
FNDA:0,(anonymous_0)
DA:7,1
DA:10,1
DA:13,0
DA:16,0
DA:18,0
DA:21,0
DA:22,0
DA:23,0
DA:29,0
DA:30,0
DA:33,0
DA:40,0
DA:42,0
LF:13
LH:2
BRDA:22,0,0,0
BRDA:22,0,1,0
BRF:2
BRH:0
end_of_record
TN:
SF:helpers/audio-file-finder.js
FN:6,(anonymous_0)
FN:13,(anonymous_1)
FN:21,(anonymous_2)
FN:32,(anonymous_3)
FNF:4
FNH:2
FNDA:1,(anonymous_0)
FNDA:1,(anonymous_1)
FNDA:0,(anonymous_2)
FNDA:0,(anonymous_3)
DA:3,1
DA:6,1
DA:8,1
DA:9,0
DA:13,1
DA:15,1
DA:17,0
DA:21,0
DA:25,0
DA:28,1
DA:32,1
DA:33,0
LF:12
LH:7
BRF:0
BRH:0
end_of_record
TN:
SF:helpers/cookie-views.js
FN:1,(anonymous_0)
FNF:1
FNH:0
FNDA:0,(anonymous_0)
DA:1,1
DA:2,0
LF:2
LH:1
BRF:0
BRH:0
end_of_record
TN:
SF:middlewares/logger.js
FN:1,(anonymous_0)
FNF:1
FNH:0
FNDA:0,(anonymous_0)
DA:1,1
DA:2,0
DA:7,0
LF:3
LH:1
BRF:0
BRH:0
end_of_record
TN:
SF:middlewares/upload.js
FNF:0
FNH:0
DA:3,1
DA:5,1
DA:11,1
LF:3
LH:3
BRF:0
BRH:0
end_of_record
TN:
SF:models/user.js
FN:18,(anonymous_0)
FNF:1
FNH:0
FNDA:0,(anonymous_0)
DA:4,1
DA:17,1
DA:19,0
DA:20,0
DA:21,0
DA:22,0
DA:27,1
LF:7
LH:3
BRF:0
BRH:0
end_of_record
TN:
SF:routes/index.js
FN:6,(anonymous_0)
FNF:1
FNH:1
FNDA:1,(anonymous_0)
DA:2,1
DA:6,1
DA:7,1
DA:9,1
LF:4
LH:4
BRF:0
BRH:0
end_of_record
